<?xml version="1.0" encoding="UTF-8"?>
<!-- Generated by org.testng.reporters.JUnitXMLReporter -->
<testsuite ignored="0" hostname="DESKTOP-J2E0QS9" failures="0" tests="3" name="Test" time="69.922" errors="0" timestamp="2022-07-22T22:30:43 IST">
  <testcase classname="e2etesting.website.testcase2" name="assertive" time="17.253"/>
  <testcase classname="e2etesting.website.testcase" name="launch" time="25.907"/>
  <testcase classname="e2etesting.website.testcase" name="launch" time="25.29"/>
</testsuite> <!-- Test -->
