<?xml version="1.0" encoding="UTF-8"?>
<!-- Generated by org.testng.reporters.JUnitXMLReporter -->
<testsuite ignored="0" hostname="DESKTOP-J2E0QS9" failures="1" tests="1" name="Validate title" time="14.053" errors="0" timestamp="2022-07-24T14:36:55 IST">
  <testcase classname="e2etesting.website.testcase2" name="assertive" time="14.029">
    <failure type="java.lang.AssertionError" message="Mismatch expected [FEATURED COURSS] but found [FEATURED COURSES]">
      <![CDATA[java.lang.AssertionError: Mismatch expected [FEATURED COURSS] but found [FEATURED COURSES]
at e2etesting.website.testcase2.assertive(testcase2.java:19)
at java.base/java.util.ArrayList.forEach(ArrayList.java:1511)
... Removed 32 stack frames]]>
    </failure>
  </testcase> <!-- assertive -->
</testsuite> <!-- Validate title -->
