<?xml version="1.0" encoding="UTF-8"?>
<!-- Generated by org.testng.reporters.JUnitXMLReporter -->
<testsuite ignored="0" hostname="DESKTOP-J2E0QS9" failures="0" tests="3" name="Test" time="64.958" errors="0" timestamp="2022-07-22T23:22:04 IST">
  <testcase classname="e2etesting.website.testcase2" name="assertive" time="23.828"/>
  <testcase classname="e2etesting.website.testcase" name="launch" time="16.873"/>
  <testcase classname="e2etesting.website.testcase" name="launch" time="22.97"/>
</testsuite> <!-- Test -->
